<?xml version="1.0" encoding="UTF-8"?>
<testng-results ignored="0" total="1" passed="1" failed="0" skipped="0">
  <reporter-output>
  </reporter-output>
  <suite started-at="2023-11-04T18:18:01 PKT" name="Default suite" finished-at="2023-11-04T18:18:04 PKT" duration-ms="3102">
    <groups>
    </groups>
    <test started-at="2023-11-04T18:18:01 PKT" name="Default test" finished-at="2023-11-04T18:18:04 PKT" duration-ms="3102">
      <class name="RahulShettyAPI.CreateOrder">
        <test-method is-config="true" signature="initialize()[pri:0, instance:RahulShettyAPI.CreateOrder@7ef82753]" started-at="2023-11-04T18:18:01 PKT" name="initialize" finished-at="2023-11-04T18:18:02 PKT" duration-ms="570" status="PASS">
          <reporter-output>
          </reporter-output>
        </test-method> <!-- initialize -->
        <test-method signature="addToCart_Test()[pri:1, instance:RahulShettyAPI.CreateOrder@7ef82753]" started-at="2023-11-04T18:18:02 PKT" name="addToCart_Test" finished-at="2023-11-04T18:18:04 PKT" duration-ms="2489" status="PASS">
          <reporter-output>
          </reporter-output>
        </test-method> <!-- addToCart_Test -->
      </class> <!-- RahulShettyAPI.CreateOrder -->
    </test> <!-- Default test -->
  </suite> <!-- Default suite -->
</testng-results>
